<?xml version="1.0" encoding="UTF-8"?>
<!-- Generated by org.testng.reporters.JUnitReportReporter -->
<testsuite hostname="DESKTOP-JG4SGBH" failures="0" tests="6" name="com.project.tests.runners.TestNGRunner" time="36.900" errors="0" timestamp="2025-09-07T23:07:46 IST" skipped="0">
  <testcase classname="com.project.tests.runners.TestNGRunner" name="runScenario" time="6.637"/>
  <testcase classname="com.project.tests.runners.TestNGRunner" name="runScenario" time="8.794"/>
  <testcase classname="com.project.tests.runners.TestNGRunner" name="runScenario" time="4.942"/>
  <testcase classname="com.project.tests.runners.TestNGRunner" name="runScenario" time="6.058"/>
  <testcase classname="com.project.tests.runners.TestNGRunner" name="runScenario" time="4.014"/>
  <testcase classname="com.project.tests.runners.TestNGRunner" name="runScenario" time="6.455"/>
</testsuite> <!-- com.project.tests.runners.TestNGRunner -->
