<?xml version="1.0" encoding="UTF-8"?>
<!-- Generated by org.testng.reporters.JUnitReportReporter -->
<testsuite hostname="DESKTOP-JG4SGBH" failures="0" tests="5" name="com.project.tests.runners.TestNGRunner" time="39.052" errors="0" timestamp="2025-09-09T09:28:57 IST" skipped="0">
  <testcase classname="com.project.tests.runners.TestNGRunner" name="runScenario" time="9.216"/>
  <testcase classname="com.project.tests.runners.TestNGRunner" name="runScenario" time="7.719"/>
  <testcase classname="com.project.tests.runners.TestNGRunner" name="runScenario" time="8.165"/>
  <testcase classname="com.project.tests.runners.TestNGRunner" name="runScenario" time="5.344"/>
  <testcase classname="com.project.tests.runners.TestNGRunner" name="runScenario" time="8.608"/>
</testsuite> <!-- com.project.tests.runners.TestNGRunner -->
